TN:
SF:src\auth\AuthService.ts
FN:4,(anonymous_0)
FN:13,(anonymous_1)
FN:29,(anonymous_2)
FN:38,(anonymous_3)
FN:55,(anonymous_4)
FNF:5
FNH:5
FNDA:2,(anonymous_0)
FNDA:2,(anonymous_1)
FNDA:2,(anonymous_2)
FNDA:2,(anonymous_3)
FNDA:1,(anonymous_4)
DA:1,1
DA:4,1
DA:6,2
DA:7,2
DA:9,1
DA:11,2
DA:13,1
DA:15,2
DA:16,2
DA:17,1
DA:18,1
DA:19,1
DA:21,1
DA:24,1
DA:26,2
DA:29,1
DA:30,2
DA:31,2
DA:32,1
DA:33,1
DA:35,1
DA:38,1
DA:39,2
DA:40,2
DA:41,2
DA:42,2
DA:44,2
DA:45,1
DA:46,1
DA:49,0
DA:51,1
DA:55,1
DA:56,1
DA:57,1
DA:60,1
DA:68,1
LF:36
LH:35
BRDA:17,0,0,1
BRDA:31,1,0,1
BRDA:41,2,0,2
BRDA:45,3,0,1
BRF:4
BRH:4
end_of_record
TN:
SF:src\libs\axios.ts
FNF:0
FNH:0
DA:1,1
DA:3,1
LF:2
LH:2
BRF:0
BRH:0
end_of_record
